<?xml version="1.0" encoding="utf-8"?><testsuites name="pytest tests"><testsuite name="pytest" errors="0" failures="0" skipped="0" tests="4" time="2.522" timestamp="2026-07-09T16:15:09.631636+00:00" hostname="agent-env-47cafad0-8018-45a2-b63f-78ddfa35fd85"><testcase classname="tests.test_contact.TestContact" name="test_post_contact_persists" time="0.395" /><testcase classname="tests.test_contact.TestHealth" name="test_root" time="0.290" /><testcase classname="tests.test_contact.TestContact" name="test_post_contact_invalid_email" time="0.170" /><testcase classname="tests.test_contact.TestContact" name="test_post_contact_missing_fields" time="0.150" /></testsuite></testsuites>