<?xml version="1.0" encoding="utf-8"?><testsuites name="pytest tests"><testsuite name="pytest" errors="0" failures="0" skipped="0" tests="4" time="4.019" timestamp="2026-07-05T22:05:20.155527+00:00" hostname="agent-env-47cafad0-8018-45a2-b63f-78ddfa35fd85"><testcase classname="tests.test_contact.TestHealth" name="test_root" time="0.324" /><testcase classname="tests.test_contact.TestContact" name="test_post_contact_persists" time="0.530" /><testcase classname="tests.test_contact.TestContact" name="test_post_contact_invalid_email" time="0.387" /><testcase classname="tests.test_contact.TestContact" name="test_post_contact_missing_fields" time="0.274" /></testsuite></testsuites>